Unable to capture context for thread 4564 in process 11920, can not generate back trace
Unable to capture context for thread 6624 in process 11920, can not generate back trace
Unable to capture context for thread 7004 in process 11920, can not generate back trace
Exception at PC 0x00007FFCEDAEBB93
Printing stacktrace...

[0]  [0x00007FFCEDAEBB93]
[1]  [0x00007FFCEDAEBB93]
[2]  [0x00007FFCEDAEB4A1]
[3]  [0x00007FFCEDAEB3EF]
[4]  [0x00007FFCEDAD19FE]
[5]  [0x00007FFCEDAD0ED1]
[6]  [0x00007FFCEDAD0D76]
[7]  [0x00007FFCEDA779F6]
[8]  [0x00007FFCEDA67AFB]
[9]  [0x00007FFCEDB8E90A]
[10]  [0x00007FFCEDBA9F87]
[11]  [0x00007FFCEDBAA05F]
[12] (BaseThreadInitThunk+0x14) [0x00007FFD569B1FE4]
[13] (RtlUserThreadStart+0x21) [0x00007FFD5713EFB1]
Done
Exception at PC 0x00007FFCED7F1A52
Attemped to write at address 0x00007FFD27A5ABA4
Printing stacktrace...

[0]  [0x00007FFCED7F1A52]
[1]  [0x00007FFCED7F1A52]
[2]  [0x00007FFCED7F1AD4]
[3]  [0x00007FFCED933FF7]
[4]  [0x00007FFCED819128]
[5]  [0x00007FFCEDACDFB9]
[6]  [0x00007FFCEDC9EF23]
[7]  [0x00007FFCEDBAB06B]
[8]  [0x00007FFCEDBA08AF]
[9]  [0x00007FFCEDBA0A32]
[10] (RtlDeactivateActivationContextUnsafeFast+0x1b3) [0x00007FFD570E1493]
[11] (LdrShutdownProcess+0x125) [0x00007FFD571106B5]
[12] (RtlExitUserProcess+0xb4) [0x00007FFD57110574]
[13] (ExitProcess+0xa) [0x00007FFD569AF06A]
[14] (exit+0x75) [0x00007FFD554F9B25]
[15] (initterm_e+0x21d) [0x00007FFD554FA16D]
[16]  [0x00000000004014CD]
[17]  [0x000000000040151B]
[18] (BaseThreadInitThunk+0x14) [0x00007FFD569B1FE4]
[19] (RtlUserThreadStart+0x21) [0x00007FFD5713EFB1]
Done
