Copyright 1986-2017 Xilinx, Inc. All Rights Reserved.
---------------------------------------------------------------------------------------------------------------------
| Tool Version : Vivado v.2017.2 (win64) Build 1909853 Thu Jun 15 18:39:09 MDT 2017
| Date         : Wed Jan 10 20:43:06 2018
| Host         : DESKTOP-R6U0J4O running 64-bit major release  (build 9200)
| Command      : report_methodology -file routing_methodology_drc_routed.rpt -rpx routing_methodology_drc_routed.rpx
| Design       : routing
| Device       : xc7a100tcsg324-1
| Speed File   : -1
| Design State : Routed
---------------------------------------------------------------------------------------------------------------------

Report Methodology

Table of Contents
-----------------
1. REPORT SUMMARY
2. REPORT DETAILS

1. REPORT SUMMARY
-----------------
            Netlist: netlist
          Floorplan: design_1
      Design limits: <entire design considered>
             Max violations: <unlimited>
             Violations found: 262
+-----------+----------+--------------------------------------------+------------+
| Rule      | Severity | Description                                | Violations |
+-----------+----------+--------------------------------------------+------------+
| SYNTH-6   | Warning  | Timing of a block RAM might be sub-optimal | 8          |
| TIMING-17 | Warning  | Non-clocked sequential cell                | 114        |
| TIMING-18 | Warning  | Missing input or output delay              | 15         |
| TIMING-20 | Warning  | Non-clocked latch                          | 125        |
+-----------+----------+--------------------------------------------+------------+

2. REPORT DETAILS
-----------------
SYNTH-6#1 Warning
Timing of a block RAM might be sub-optimal  
The timing for the instance inst2/bitmap_reg_0, implemented as a block RAM, might be sub-optimal as no output register was merged into the block
Related violations: <none>

SYNTH-6#2 Warning
Timing of a block RAM might be sub-optimal  
The timing for the instance inst2/bitmap_reg_1, implemented as a block RAM, might be sub-optimal as no output register was merged into the block
Related violations: <none>

SYNTH-6#3 Warning
Timing of a block RAM might be sub-optimal  
The timing for the instance inst2/bitmap_reg_2, implemented as a block RAM, might be sub-optimal as no output register was merged into the block
Related violations: <none>

SYNTH-6#4 Warning
Timing of a block RAM might be sub-optimal  
The timing for the instance inst2/bitmap_reg_3, implemented as a block RAM, might be sub-optimal as no output register was merged into the block
Related violations: <none>

SYNTH-6#5 Warning
Timing of a block RAM might be sub-optimal  
The timing for the instance inst8/pix_data_in_menu_reg_0, implemented as a block RAM, might be sub-optimal as no output register was merged into the block
Related violations: <none>

SYNTH-6#6 Warning
Timing of a block RAM might be sub-optimal  
The timing for the instance inst8/pix_data_in_menu_reg_1, implemented as a block RAM, might be sub-optimal as no output register was merged into the block
Related violations: <none>

SYNTH-6#7 Warning
Timing of a block RAM might be sub-optimal  
The timing for the instance inst8/pix_data_in_menu_reg_2, implemented as a block RAM, might be sub-optimal as no output register was merged into the block
Related violations: <none>

SYNTH-6#8 Warning
Timing of a block RAM might be sub-optimal  
The timing for the instance inst8/pix_data_in_menu_reg_3, implemented as a block RAM, might be sub-optimal as no output register was merged into the block
Related violations: <none>

TIMING-17#1 Warning
Non-clocked sequential cell  
The clock pin inst11/DispCtrl/AN_reg[0]/C is not reached by a timing clock
Related violations: <none>

TIMING-17#2 Warning
Non-clocked sequential cell  
The clock pin inst11/DispCtrl/AN_reg[1]/C is not reached by a timing clock
Related violations: <none>

TIMING-17#3 Warning
Non-clocked sequential cell  
The clock pin inst11/DispCtrl/AN_reg[2]/C is not reached by a timing clock
Related violations: <none>

TIMING-17#4 Warning
Non-clocked sequential cell  
The clock pin inst11/DispCtrl/AN_reg[3]/C is not reached by a timing clock
Related violations: <none>

TIMING-17#5 Warning
Non-clocked sequential cell  
The clock pin inst11/DispCtrl/CNT_reg[0]/C is not reached by a timing clock
Related violations: <none>

TIMING-17#6 Warning
Non-clocked sequential cell  
The clock pin inst11/DispCtrl/CNT_reg[1]/C is not reached by a timing clock
Related violations: <none>

TIMING-17#7 Warning
Non-clocked sequential cell  
The clock pin inst11/DispCtrl/SEG_reg[0]/C is not reached by a timing clock
Related violations: <none>

TIMING-17#8 Warning
Non-clocked sequential cell  
The clock pin inst11/DispCtrl/SEG_reg[1]/C is not reached by a timing clock
Related violations: <none>

TIMING-17#9 Warning
Non-clocked sequential cell  
The clock pin inst11/DispCtrl/SEG_reg[2]/C is not reached by a timing clock
Related violations: <none>

TIMING-17#10 Warning
Non-clocked sequential cell  
The clock pin inst11/DispCtrl/SEG_reg[3]/C is not reached by a timing clock
Related violations: <none>

TIMING-17#11 Warning
Non-clocked sequential cell  
The clock pin inst11/DispCtrl/SEG_reg[4]/C is not reached by a timing clock
Related violations: <none>

TIMING-17#12 Warning
Non-clocked sequential cell  
The clock pin inst11/DispCtrl/SEG_reg[5]/C is not reached by a timing clock
Related violations: <none>

TIMING-17#13 Warning
Non-clocked sequential cell  
The clock pin inst11/DispCtrl/SEG_reg[6]/C is not reached by a timing clock
Related violations: <none>

TIMING-17#14 Warning
Non-clocked sequential cell  
The clock pin inst11/LED_reg[0]/C is not reached by a timing clock
Related violations: <none>

TIMING-17#15 Warning
Non-clocked sequential cell  
The clock pin inst11/LED_reg[1]/C is not reached by a timing clock
Related violations: <none>

TIMING-17#16 Warning
Non-clocked sequential cell  
The clock pin inst11/LED_reg[2]/C is not reached by a timing clock
Related violations: <none>

TIMING-17#17 Warning
Non-clocked sequential cell  
The clock pin inst11/PmodJSTK_Int/SPI_Ctrl/DOUT_reg[0]/C is not reached by a timing clock
Related violations: <none>

TIMING-17#18 Warning
Non-clocked sequential cell  
The clock pin inst11/PmodJSTK_Int/SPI_Ctrl/DOUT_reg[16]/C is not reached by a timing clock
Related violations: <none>

TIMING-17#19 Warning
Non-clocked sequential cell  
The clock pin inst11/PmodJSTK_Int/SPI_Ctrl/DOUT_reg[17]/C is not reached by a timing clock
Related violations: <none>

TIMING-17#20 Warning
Non-clocked sequential cell  
The clock pin inst11/PmodJSTK_Int/SPI_Ctrl/DOUT_reg[18]/C is not reached by a timing clock
Related violations: <none>

TIMING-17#21 Warning
Non-clocked sequential cell  
The clock pin inst11/PmodJSTK_Int/SPI_Ctrl/DOUT_reg[19]/C is not reached by a timing clock
Related violations: <none>

TIMING-17#22 Warning
Non-clocked sequential cell  
The clock pin inst11/PmodJSTK_Int/SPI_Ctrl/DOUT_reg[1]/C is not reached by a timing clock
Related violations: <none>

TIMING-17#23 Warning
Non-clocked sequential cell  
The clock pin inst11/PmodJSTK_Int/SPI_Ctrl/DOUT_reg[20]/C is not reached by a timing clock
Related violations: <none>

TIMING-17#24 Warning
Non-clocked sequential cell  
The clock pin inst11/PmodJSTK_Int/SPI_Ctrl/DOUT_reg[21]/C is not reached by a timing clock
Related violations: <none>

TIMING-17#25 Warning
Non-clocked sequential cell  
The clock pin inst11/PmodJSTK_Int/SPI_Ctrl/DOUT_reg[22]/C is not reached by a timing clock
Related violations: <none>

TIMING-17#26 Warning
Non-clocked sequential cell  
The clock pin inst11/PmodJSTK_Int/SPI_Ctrl/DOUT_reg[23]/C is not reached by a timing clock
Related violations: <none>

TIMING-17#27 Warning
Non-clocked sequential cell  
The clock pin inst11/PmodJSTK_Int/SPI_Ctrl/DOUT_reg[24]/C is not reached by a timing clock
Related violations: <none>

TIMING-17#28 Warning
Non-clocked sequential cell  
The clock pin inst11/PmodJSTK_Int/SPI_Ctrl/DOUT_reg[25]/C is not reached by a timing clock
Related violations: <none>

TIMING-17#29 Warning
Non-clocked sequential cell  
The clock pin inst11/PmodJSTK_Int/SPI_Ctrl/DOUT_reg[2]/C is not reached by a timing clock
Related violations: <none>

TIMING-17#30 Warning
Non-clocked sequential cell  
The clock pin inst11/PmodJSTK_Int/SPI_Ctrl/DOUT_reg[32]/C is not reached by a timing clock
Related violations: <none>

TIMING-17#31 Warning
Non-clocked sequential cell  
The clock pin inst11/PmodJSTK_Int/SPI_Ctrl/DOUT_reg[33]/C is not reached by a timing clock
Related violations: <none>

TIMING-17#32 Warning
Non-clocked sequential cell  
The clock pin inst11/PmodJSTK_Int/SPI_Ctrl/DOUT_reg[34]/C is not reached by a timing clock
Related violations: <none>

TIMING-17#33 Warning
Non-clocked sequential cell  
The clock pin inst11/PmodJSTK_Int/SPI_Ctrl/DOUT_reg[35]/C is not reached by a timing clock
Related violations: <none>

TIMING-17#34 Warning
Non-clocked sequential cell  
The clock pin inst11/PmodJSTK_Int/SPI_Ctrl/DOUT_reg[36]/C is not reached by a timing clock
Related violations: <none>

TIMING-17#35 Warning
Non-clocked sequential cell  
The clock pin inst11/PmodJSTK_Int/SPI_Ctrl/DOUT_reg[37]/C is not reached by a timing clock
Related violations: <none>

TIMING-17#36 Warning
Non-clocked sequential cell  
The clock pin inst11/PmodJSTK_Int/SPI_Ctrl/DOUT_reg[38]/C is not reached by a timing clock
Related violations: <none>

TIMING-17#37 Warning
Non-clocked sequential cell  
The clock pin inst11/PmodJSTK_Int/SPI_Ctrl/DOUT_reg[39]/C is not reached by a timing clock
Related violations: <none>

TIMING-17#38 Warning
Non-clocked sequential cell  
The clock pin inst11/PmodJSTK_Int/SPI_Ctrl/DOUT_reg[8]/C is not reached by a timing clock
Related violations: <none>

TIMING-17#39 Warning
Non-clocked sequential cell  
The clock pin inst11/PmodJSTK_Int/SPI_Ctrl/DOUT_reg[9]/C is not reached by a timing clock
Related violations: <none>

TIMING-17#40 Warning
Non-clocked sequential cell  
The clock pin inst11/PmodJSTK_Int/SPI_Ctrl/FSM_sequential_STATE_reg[0]/C is not reached by a timing clock
Related violations: <none>

TIMING-17#41 Warning
Non-clocked sequential cell  
The clock pin inst11/PmodJSTK_Int/SPI_Ctrl/FSM_sequential_STATE_reg[1]/C is not reached by a timing clock
Related violations: <none>

TIMING-17#42 Warning
Non-clocked sequential cell  
The clock pin inst11/PmodJSTK_Int/SPI_Ctrl/FSM_sequential_STATE_reg[2]/C is not reached by a timing clock
Related violations: <none>

TIMING-17#43 Warning
Non-clocked sequential cell  
The clock pin inst11/PmodJSTK_Int/SPI_Ctrl/SS_reg/C is not reached by a timing clock
Related violations: <none>

TIMING-17#44 Warning
Non-clocked sequential cell  
The clock pin inst11/PmodJSTK_Int/SPI_Ctrl/byteCnt_reg[0]/C is not reached by a timing clock
Related violations: <none>

TIMING-17#45 Warning
Non-clocked sequential cell  
The clock pin inst11/PmodJSTK_Int/SPI_Ctrl/byteCnt_reg[1]/C is not reached by a timing clock
Related violations: <none>

TIMING-17#46 Warning
Non-clocked sequential cell  
The clock pin inst11/PmodJSTK_Int/SPI_Ctrl/byteCnt_reg[2]/C is not reached by a timing clock
Related violations: <none>

TIMING-17#47 Warning
Non-clocked sequential cell  
The clock pin inst11/PmodJSTK_Int/SPI_Ctrl/getByte_reg/C is not reached by a timing clock
Related violations: <none>

TIMING-17#48 Warning
Non-clocked sequential cell  
The clock pin inst11/PmodJSTK_Int/SPI_Ctrl/sndData_reg[0]/C is not reached by a timing clock
Related violations: <none>

TIMING-17#49 Warning
Non-clocked sequential cell  
The clock pin inst11/PmodJSTK_Int/SPI_Ctrl/sndData_reg[1]/C is not reached by a timing clock
Related violations: <none>

TIMING-17#50 Warning
Non-clocked sequential cell  
The clock pin inst11/PmodJSTK_Int/SPI_Ctrl/sndData_reg[7]/C is not reached by a timing clock
Related violations: <none>

TIMING-17#51 Warning
Non-clocked sequential cell  
The clock pin inst11/PmodJSTK_Int/SPI_Ctrl/tmpSR_reg[0]/C is not reached by a timing clock
Related violations: <none>

TIMING-17#52 Warning
Non-clocked sequential cell  
The clock pin inst11/PmodJSTK_Int/SPI_Ctrl/tmpSR_reg[10]/C is not reached by a timing clock
Related violations: <none>

TIMING-17#53 Warning
Non-clocked sequential cell  
The clock pin inst11/PmodJSTK_Int/SPI_Ctrl/tmpSR_reg[11]/C is not reached by a timing clock
Related violations: <none>

TIMING-17#54 Warning
Non-clocked sequential cell  
The clock pin inst11/PmodJSTK_Int/SPI_Ctrl/tmpSR_reg[12]/C is not reached by a timing clock
Related violations: <none>

TIMING-17#55 Warning
Non-clocked sequential cell  
The clock pin inst11/PmodJSTK_Int/SPI_Ctrl/tmpSR_reg[13]/C is not reached by a timing clock
Related violations: <none>

TIMING-17#56 Warning
Non-clocked sequential cell  
The clock pin inst11/PmodJSTK_Int/SPI_Ctrl/tmpSR_reg[14]/C is not reached by a timing clock
Related violations: <none>

TIMING-17#57 Warning
Non-clocked sequential cell  
The clock pin inst11/PmodJSTK_Int/SPI_Ctrl/tmpSR_reg[15]/C is not reached by a timing clock
Related violations: <none>

TIMING-17#58 Warning
Non-clocked sequential cell  
The clock pin inst11/PmodJSTK_Int/SPI_Ctrl/tmpSR_reg[16]/C is not reached by a timing clock
Related violations: <none>

TIMING-17#59 Warning
Non-clocked sequential cell  
The clock pin inst11/PmodJSTK_Int/SPI_Ctrl/tmpSR_reg[17]/C is not reached by a timing clock
Related violations: <none>

TIMING-17#60 Warning
Non-clocked sequential cell  
The clock pin inst11/PmodJSTK_Int/SPI_Ctrl/tmpSR_reg[18]/C is not reached by a timing clock
Related violations: <none>

TIMING-17#61 Warning
Non-clocked sequential cell  
The clock pin inst11/PmodJSTK_Int/SPI_Ctrl/tmpSR_reg[19]/C is not reached by a timing clock
Related violations: <none>

TIMING-17#62 Warning
Non-clocked sequential cell  
The clock pin inst11/PmodJSTK_Int/SPI_Ctrl/tmpSR_reg[1]/C is not reached by a timing clock
Related violations: <none>

TIMING-17#63 Warning
Non-clocked sequential cell  
The clock pin inst11/PmodJSTK_Int/SPI_Ctrl/tmpSR_reg[20]/C is not reached by a timing clock
Related violations: <none>

TIMING-17#64 Warning
Non-clocked sequential cell  
The clock pin inst11/PmodJSTK_Int/SPI_Ctrl/tmpSR_reg[21]/C is not reached by a timing clock
Related violations: <none>

TIMING-17#65 Warning
Non-clocked sequential cell  
The clock pin inst11/PmodJSTK_Int/SPI_Ctrl/tmpSR_reg[22]/C is not reached by a timing clock
Related violations: <none>

TIMING-17#66 Warning
Non-clocked sequential cell  
The clock pin inst11/PmodJSTK_Int/SPI_Ctrl/tmpSR_reg[23]/C is not reached by a timing clock
Related violations: <none>

TIMING-17#67 Warning
Non-clocked sequential cell  
The clock pin inst11/PmodJSTK_Int/SPI_Ctrl/tmpSR_reg[24]/C is not reached by a timing clock
Related violations: <none>

TIMING-17#68 Warning
Non-clocked sequential cell  
The clock pin inst11/PmodJSTK_Int/SPI_Ctrl/tmpSR_reg[25]/C is not reached by a timing clock
Related violations: <none>

TIMING-17#69 Warning
Non-clocked sequential cell  
The clock pin inst11/PmodJSTK_Int/SPI_Ctrl/tmpSR_reg[26]/C is not reached by a timing clock
Related violations: <none>

TIMING-17#70 Warning
Non-clocked sequential cell  
The clock pin inst11/PmodJSTK_Int/SPI_Ctrl/tmpSR_reg[27]/C is not reached by a timing clock
Related violations: <none>

TIMING-17#71 Warning
Non-clocked sequential cell  
The clock pin inst11/PmodJSTK_Int/SPI_Ctrl/tmpSR_reg[28]/C is not reached by a timing clock
Related violations: <none>

TIMING-17#72 Warning
Non-clocked sequential cell  
The clock pin inst11/PmodJSTK_Int/SPI_Ctrl/tmpSR_reg[29]/C is not reached by a timing clock
Related violations: <none>

TIMING-17#73 Warning
Non-clocked sequential cell  
The clock pin inst11/PmodJSTK_Int/SPI_Ctrl/tmpSR_reg[2]/C is not reached by a timing clock
Related violations: <none>

TIMING-17#74 Warning
Non-clocked sequential cell  
The clock pin inst11/PmodJSTK_Int/SPI_Ctrl/tmpSR_reg[30]/C is not reached by a timing clock
Related violations: <none>

TIMING-17#75 Warning
Non-clocked sequential cell  
The clock pin inst11/PmodJSTK_Int/SPI_Ctrl/tmpSR_reg[31]/C is not reached by a timing clock
Related violations: <none>

TIMING-17#76 Warning
Non-clocked sequential cell  
The clock pin inst11/PmodJSTK_Int/SPI_Ctrl/tmpSR_reg[32]/C is not reached by a timing clock
Related violations: <none>

TIMING-17#77 Warning
Non-clocked sequential cell  
The clock pin inst11/PmodJSTK_Int/SPI_Ctrl/tmpSR_reg[33]/C is not reached by a timing clock
Related violations: <none>

TIMING-17#78 Warning
Non-clocked sequential cell  
The clock pin inst11/PmodJSTK_Int/SPI_Ctrl/tmpSR_reg[34]/C is not reached by a timing clock
Related violations: <none>

TIMING-17#79 Warning
Non-clocked sequential cell  
The clock pin inst11/PmodJSTK_Int/SPI_Ctrl/tmpSR_reg[35]/C is not reached by a timing clock
Related violations: <none>

TIMING-17#80 Warning
Non-clocked sequential cell  
The clock pin inst11/PmodJSTK_Int/SPI_Ctrl/tmpSR_reg[36]/C is not reached by a timing clock
Related violations: <none>

TIMING-17#81 Warning
Non-clocked sequential cell  
The clock pin inst11/PmodJSTK_Int/SPI_Ctrl/tmpSR_reg[37]/C is not reached by a timing clock
Related violations: <none>

TIMING-17#82 Warning
Non-clocked sequential cell  
The clock pin inst11/PmodJSTK_Int/SPI_Ctrl/tmpSR_reg[38]/C is not reached by a timing clock
Related violations: <none>

TIMING-17#83 Warning
Non-clocked sequential cell  
The clock pin inst11/PmodJSTK_Int/SPI_Ctrl/tmpSR_reg[39]/C is not reached by a timing clock
Related violations: <none>

TIMING-17#84 Warning
Non-clocked sequential cell  
The clock pin inst11/PmodJSTK_Int/SPI_Ctrl/tmpSR_reg[3]/C is not reached by a timing clock
Related violations: <none>

TIMING-17#85 Warning
Non-clocked sequential cell  
The clock pin inst11/PmodJSTK_Int/SPI_Ctrl/tmpSR_reg[4]/C is not reached by a timing clock
Related violations: <none>

TIMING-17#86 Warning
Non-clocked sequential cell  
The clock pin inst11/PmodJSTK_Int/SPI_Ctrl/tmpSR_reg[5]/C is not reached by a timing clock
Related violations: <none>

TIMING-17#87 Warning
Non-clocked sequential cell  
The clock pin inst11/PmodJSTK_Int/SPI_Ctrl/tmpSR_reg[6]/C is not reached by a timing clock
Related violations: <none>

TIMING-17#88 Warning
Non-clocked sequential cell  
The clock pin inst11/PmodJSTK_Int/SPI_Ctrl/tmpSR_reg[7]/C is not reached by a timing clock
Related violations: <none>

TIMING-17#89 Warning
Non-clocked sequential cell  
The clock pin inst11/PmodJSTK_Int/SPI_Ctrl/tmpSR_reg[8]/C is not reached by a timing clock
Related violations: <none>

TIMING-17#90 Warning
Non-clocked sequential cell  
The clock pin inst11/PmodJSTK_Int/SPI_Ctrl/tmpSR_reg[9]/C is not reached by a timing clock
Related violations: <none>

TIMING-17#91 Warning
Non-clocked sequential cell  
The clock pin inst11/PmodJSTK_Int/SPI_Int/BUSY_reg/C is not reached by a timing clock
Related violations: <none>

TIMING-17#92 Warning
Non-clocked sequential cell  
The clock pin inst11/PmodJSTK_Int/SPI_Int/CE_reg/C is not reached by a timing clock
Related violations: <none>

TIMING-17#93 Warning
Non-clocked sequential cell  
The clock pin inst11/PmodJSTK_Int/SPI_Int/STATE_reg[0]/C is not reached by a timing clock
Related violations: <none>

TIMING-17#94 Warning
Non-clocked sequential cell  
The clock pin inst11/PmodJSTK_Int/SPI_Int/STATE_reg[1]/C is not reached by a timing clock
Related violations: <none>

TIMING-17#95 Warning
Non-clocked sequential cell  
The clock pin inst11/PmodJSTK_Int/SPI_Int/bitCount_reg[0]/C is not reached by a timing clock
Related violations: <none>

TIMING-17#96 Warning
Non-clocked sequential cell  
The clock pin inst11/PmodJSTK_Int/SPI_Int/bitCount_reg[1]/C is not reached by a timing clock
Related violations: <none>

TIMING-17#97 Warning
Non-clocked sequential cell  
The clock pin inst11/PmodJSTK_Int/SPI_Int/bitCount_reg[2]/C is not reached by a timing clock
Related violations: <none>

TIMING-17#98 Warning
Non-clocked sequential cell  
The clock pin inst11/PmodJSTK_Int/SPI_Int/bitCount_reg[3]/C is not reached by a timing clock
Related violations: <none>

TIMING-17#99 Warning
Non-clocked sequential cell  
The clock pin inst11/PmodJSTK_Int/SPI_Int/rSR_reg[0]/C is not reached by a timing clock
Related violations: <none>

TIMING-17#100 Warning
Non-clocked sequential cell  
The clock pin inst11/PmodJSTK_Int/SPI_Int/rSR_reg[1]/C is not reached by a timing clock
Related violations: <none>

TIMING-17#101 Warning
Non-clocked sequential cell  
The clock pin inst11/PmodJSTK_Int/SPI_Int/rSR_reg[2]/C is not reached by a timing clock
Related violations: <none>

TIMING-17#102 Warning
Non-clocked sequential cell  
The clock pin inst11/PmodJSTK_Int/SPI_Int/rSR_reg[3]/C is not reached by a timing clock
Related violations: <none>

TIMING-17#103 Warning
Non-clocked sequential cell  
The clock pin inst11/PmodJSTK_Int/SPI_Int/rSR_reg[4]/C is not reached by a timing clock
Related violations: <none>

TIMING-17#104 Warning
Non-clocked sequential cell  
The clock pin inst11/PmodJSTK_Int/SPI_Int/rSR_reg[5]/C is not reached by a timing clock
Related violations: <none>

TIMING-17#105 Warning
Non-clocked sequential cell  
The clock pin inst11/PmodJSTK_Int/SPI_Int/rSR_reg[6]/C is not reached by a timing clock
Related violations: <none>

TIMING-17#106 Warning
Non-clocked sequential cell  
The clock pin inst11/PmodJSTK_Int/SPI_Int/rSR_reg[7]/C is not reached by a timing clock
Related violations: <none>

TIMING-17#107 Warning
Non-clocked sequential cell  
The clock pin inst11/PmodJSTK_Int/SPI_Int/wSR_reg[0]/C is not reached by a timing clock
Related violations: <none>

TIMING-17#108 Warning
Non-clocked sequential cell  
The clock pin inst11/PmodJSTK_Int/SPI_Int/wSR_reg[1]/C is not reached by a timing clock
Related violations: <none>

TIMING-17#109 Warning
Non-clocked sequential cell  
The clock pin inst11/PmodJSTK_Int/SPI_Int/wSR_reg[2]/C is not reached by a timing clock
Related violations: <none>

TIMING-17#110 Warning
Non-clocked sequential cell  
The clock pin inst11/PmodJSTK_Int/SPI_Int/wSR_reg[3]/C is not reached by a timing clock
Related violations: <none>

TIMING-17#111 Warning
Non-clocked sequential cell  
The clock pin inst11/PmodJSTK_Int/SPI_Int/wSR_reg[4]/C is not reached by a timing clock
Related violations: <none>

TIMING-17#112 Warning
Non-clocked sequential cell  
The clock pin inst11/PmodJSTK_Int/SPI_Int/wSR_reg[5]/C is not reached by a timing clock
Related violations: <none>

TIMING-17#113 Warning
Non-clocked sequential cell  
The clock pin inst11/PmodJSTK_Int/SPI_Int/wSR_reg[6]/C is not reached by a timing clock
Related violations: <none>

TIMING-17#114 Warning
Non-clocked sequential cell  
The clock pin inst11/PmodJSTK_Int/SPI_Int/wSR_reg[7]/C is not reached by a timing clock
Related violations: <none>

TIMING-18#1 Warning
Missing input or output delay  
An input delay is missing on JSW[0] relative to clock(s) sys_clk_pin 
Related violations: <none>

TIMING-18#2 Warning
Missing input or output delay  
An input delay is missing on JSW[1] relative to clock(s) sys_clk_pin 
Related violations: <none>

TIMING-18#3 Warning
Missing input or output delay  
An input delay is missing on JSW[2] relative to clock(s) sys_clk_pin 
Related violations: <none>

TIMING-18#4 Warning
Missing input or output delay  
An input delay is missing on bouton_centre relative to clock(s) sys_clk_pin 
Related violations: <none>

TIMING-18#5 Warning
Missing input or output delay  
An input delay is missing on bouton_droit relative to clock(s) sys_clk_pin 
Related violations: <none>

TIMING-18#6 Warning
Missing input or output delay  
An input delay is missing on bouton_gauche relative to clock(s) sys_clk_pin 
Related violations: <none>

TIMING-18#7 Warning
Missing input or output delay  
An input delay is missing on reset relative to clock(s) sys_clk_pin 
Related violations: <none>

TIMING-18#8 Warning
Missing input or output delay  
An output delay is missing on JSCLK relative to clock(s) sys_clk_pin 
Related violations: <none>

TIMING-18#9 Warning
Missing input or output delay  
An output delay is missing on PMOD_CS relative to clock(s) sys_clk_pin 
Related violations: <none>

TIMING-18#10 Warning
Missing input or output delay  
An output delay is missing on PMOD_DC relative to clock(s) sys_clk_pin 
Related violations: <none>

TIMING-18#11 Warning
Missing input or output delay  
An output delay is missing on PMOD_EN relative to clock(s) sys_clk_pin 
Related violations: <none>

TIMING-18#12 Warning
Missing input or output delay  
An output delay is missing on PMOD_MOSI relative to clock(s) sys_clk_pin 
Related violations: <none>

TIMING-18#13 Warning
Missing input or output delay  
An output delay is missing on PMOD_RES relative to clock(s) sys_clk_pin 
Related violations: <none>

TIMING-18#14 Warning
Missing input or output delay  
An output delay is missing on PMOD_SCK relative to clock(s) sys_clk_pin 
Related violations: <none>

TIMING-18#15 Warning
Missing input or output delay  
An output delay is missing on PMOD_VCCEN relative to clock(s) sys_clk_pin 
Related violations: <none>

TIMING-20#1 Warning
Non-clocked latch  
The latch inst10/signal_etat_reg[0] cannot be properly analyzed as its control pin inst10/signal_etat_reg[0]/G is not reached by a timing clock
Related violations: <none>

TIMING-20#2 Warning
Non-clocked latch  
The latch inst10/signal_etat_reg[1] cannot be properly analyzed as its control pin inst10/signal_etat_reg[1]/G is not reached by a timing clock
Related violations: <none>

TIMING-20#3 Warning
Non-clocked latch  
The latch inst9/mem_centaine_reg[0][15] cannot be properly analyzed as its control pin inst9/mem_centaine_reg[0][15]/G is not reached by a timing clock
Related violations: <none>

TIMING-20#4 Warning
Non-clocked latch  
The latch inst9/mem_centaine_reg[11][15] cannot be properly analyzed as its control pin inst9/mem_centaine_reg[11][15]/G is not reached by a timing clock
Related violations: <none>

TIMING-20#5 Warning
Non-clocked latch  
The latch inst9/mem_centaine_reg[12][15] cannot be properly analyzed as its control pin inst9/mem_centaine_reg[12][15]/G is not reached by a timing clock
Related violations: <none>

TIMING-20#6 Warning
Non-clocked latch  
The latch inst9/mem_centaine_reg[13][15] cannot be properly analyzed as its control pin inst9/mem_centaine_reg[13][15]/G is not reached by a timing clock
Related violations: <none>

TIMING-20#7 Warning
Non-clocked latch  
The latch inst9/mem_centaine_reg[14][15] cannot be properly analyzed as its control pin inst9/mem_centaine_reg[14][15]/G is not reached by a timing clock
Related violations: <none>

TIMING-20#8 Warning
Non-clocked latch  
The latch inst9/mem_centaine_reg[15][15] cannot be properly analyzed as its control pin inst9/mem_centaine_reg[15][15]/G is not reached by a timing clock
Related violations: <none>

TIMING-20#9 Warning
Non-clocked latch  
The latch inst9/mem_centaine_reg[16][15] cannot be properly analyzed as its control pin inst9/mem_centaine_reg[16][15]/G is not reached by a timing clock
Related violations: <none>

TIMING-20#10 Warning
Non-clocked latch  
The latch inst9/mem_centaine_reg[18][15] cannot be properly analyzed as its control pin inst9/mem_centaine_reg[18][15]/G is not reached by a timing clock
Related violations: <none>

TIMING-20#11 Warning
Non-clocked latch  
The latch inst9/mem_centaine_reg[19][15] cannot be properly analyzed as its control pin inst9/mem_centaine_reg[19][15]/G is not reached by a timing clock
Related violations: <none>

TIMING-20#12 Warning
Non-clocked latch  
The latch inst9/mem_centaine_reg[1][15] cannot be properly analyzed as its control pin inst9/mem_centaine_reg[1][15]/G is not reached by a timing clock
Related violations: <none>

TIMING-20#13 Warning
Non-clocked latch  
The latch inst9/mem_centaine_reg[20][15] cannot be properly analyzed as its control pin inst9/mem_centaine_reg[20][15]/G is not reached by a timing clock
Related violations: <none>

TIMING-20#14 Warning
Non-clocked latch  
The latch inst9/mem_centaine_reg[21][15] cannot be properly analyzed as its control pin inst9/mem_centaine_reg[21][15]/G is not reached by a timing clock
Related violations: <none>

TIMING-20#15 Warning
Non-clocked latch  
The latch inst9/mem_centaine_reg[22][15] cannot be properly analyzed as its control pin inst9/mem_centaine_reg[22][15]/G is not reached by a timing clock
Related violations: <none>

TIMING-20#16 Warning
Non-clocked latch  
The latch inst9/mem_centaine_reg[23][15] cannot be properly analyzed as its control pin inst9/mem_centaine_reg[23][15]/G is not reached by a timing clock
Related violations: <none>

TIMING-20#17 Warning
Non-clocked latch  
The latch inst9/mem_centaine_reg[25][15] cannot be properly analyzed as its control pin inst9/mem_centaine_reg[25][15]/G is not reached by a timing clock
Related violations: <none>

TIMING-20#18 Warning
Non-clocked latch  
The latch inst9/mem_centaine_reg[26][15] cannot be properly analyzed as its control pin inst9/mem_centaine_reg[26][15]/G is not reached by a timing clock
Related violations: <none>

TIMING-20#19 Warning
Non-clocked latch  
The latch inst9/mem_centaine_reg[28][15] cannot be properly analyzed as its control pin inst9/mem_centaine_reg[28][15]/G is not reached by a timing clock
Related violations: <none>

TIMING-20#20 Warning
Non-clocked latch  
The latch inst9/mem_centaine_reg[29][15] cannot be properly analyzed as its control pin inst9/mem_centaine_reg[29][15]/G is not reached by a timing clock
Related violations: <none>

TIMING-20#21 Warning
Non-clocked latch  
The latch inst9/mem_centaine_reg[2][15] cannot be properly analyzed as its control pin inst9/mem_centaine_reg[2][15]/G is not reached by a timing clock
Related violations: <none>

TIMING-20#22 Warning
Non-clocked latch  
The latch inst9/mem_centaine_reg[30][15] cannot be properly analyzed as its control pin inst9/mem_centaine_reg[30][15]/G is not reached by a timing clock
Related violations: <none>

TIMING-20#23 Warning
Non-clocked latch  
The latch inst9/mem_centaine_reg[31][15] cannot be properly analyzed as its control pin inst9/mem_centaine_reg[31][15]/G is not reached by a timing clock
Related violations: <none>

TIMING-20#24 Warning
Non-clocked latch  
The latch inst9/mem_centaine_reg[36][15] cannot be properly analyzed as its control pin inst9/mem_centaine_reg[36][15]/G is not reached by a timing clock
Related violations: <none>

TIMING-20#25 Warning
Non-clocked latch  
The latch inst9/mem_centaine_reg[3][15] cannot be properly analyzed as its control pin inst9/mem_centaine_reg[3][15]/G is not reached by a timing clock
Related violations: <none>

TIMING-20#26 Warning
Non-clocked latch  
The latch inst9/mem_centaine_reg[40][15] cannot be properly analyzed as its control pin inst9/mem_centaine_reg[40][15]/G is not reached by a timing clock
Related violations: <none>

TIMING-20#27 Warning
Non-clocked latch  
The latch inst9/mem_centaine_reg[42][15] cannot be properly analyzed as its control pin inst9/mem_centaine_reg[42][15]/G is not reached by a timing clock
Related violations: <none>

TIMING-20#28 Warning
Non-clocked latch  
The latch inst9/mem_centaine_reg[45][15] cannot be properly analyzed as its control pin inst9/mem_centaine_reg[45][15]/G is not reached by a timing clock
Related violations: <none>

TIMING-20#29 Warning
Non-clocked latch  
The latch inst9/mem_centaine_reg[46][15] cannot be properly analyzed as its control pin inst9/mem_centaine_reg[46][15]/G is not reached by a timing clock
Related violations: <none>

TIMING-20#30 Warning
Non-clocked latch  
The latch inst9/mem_centaine_reg[4][15] cannot be properly analyzed as its control pin inst9/mem_centaine_reg[4][15]/G is not reached by a timing clock
Related violations: <none>

TIMING-20#31 Warning
Non-clocked latch  
The latch inst9/mem_centaine_reg[50][15] cannot be properly analyzed as its control pin inst9/mem_centaine_reg[50][15]/G is not reached by a timing clock
Related violations: <none>

TIMING-20#32 Warning
Non-clocked latch  
The latch inst9/mem_centaine_reg[51][15] cannot be properly analyzed as its control pin inst9/mem_centaine_reg[51][15]/G is not reached by a timing clock
Related violations: <none>

TIMING-20#33 Warning
Non-clocked latch  
The latch inst9/mem_centaine_reg[53][15] cannot be properly analyzed as its control pin inst9/mem_centaine_reg[53][15]/G is not reached by a timing clock
Related violations: <none>

TIMING-20#34 Warning
Non-clocked latch  
The latch inst9/mem_centaine_reg[55][15] cannot be properly analyzed as its control pin inst9/mem_centaine_reg[55][15]/G is not reached by a timing clock
Related violations: <none>

TIMING-20#35 Warning
Non-clocked latch  
The latch inst9/mem_centaine_reg[56][15] cannot be properly analyzed as its control pin inst9/mem_centaine_reg[56][15]/G is not reached by a timing clock
Related violations: <none>

TIMING-20#36 Warning
Non-clocked latch  
The latch inst9/mem_centaine_reg[58][15] cannot be properly analyzed as its control pin inst9/mem_centaine_reg[58][15]/G is not reached by a timing clock
Related violations: <none>

TIMING-20#37 Warning
Non-clocked latch  
The latch inst9/mem_centaine_reg[5][15] cannot be properly analyzed as its control pin inst9/mem_centaine_reg[5][15]/G is not reached by a timing clock
Related violations: <none>

TIMING-20#38 Warning
Non-clocked latch  
The latch inst9/mem_centaine_reg[61][15] cannot be properly analyzed as its control pin inst9/mem_centaine_reg[61][15]/G is not reached by a timing clock
Related violations: <none>

TIMING-20#39 Warning
Non-clocked latch  
The latch inst9/mem_centaine_reg[62][15] cannot be properly analyzed as its control pin inst9/mem_centaine_reg[62][15]/G is not reached by a timing clock
Related violations: <none>

TIMING-20#40 Warning
Non-clocked latch  
The latch inst9/mem_centaine_reg[63][15] cannot be properly analyzed as its control pin inst9/mem_centaine_reg[63][15]/G is not reached by a timing clock
Related violations: <none>

TIMING-20#41 Warning
Non-clocked latch  
The latch inst9/mem_centaine_reg[6][15] cannot be properly analyzed as its control pin inst9/mem_centaine_reg[6][15]/G is not reached by a timing clock
Related violations: <none>

TIMING-20#42 Warning
Non-clocked latch  
The latch inst9/mem_centaine_reg[8][15] cannot be properly analyzed as its control pin inst9/mem_centaine_reg[8][15]/G is not reached by a timing clock
Related violations: <none>

TIMING-20#43 Warning
Non-clocked latch  
The latch inst9/mem_centaine_reg[9][15] cannot be properly analyzed as its control pin inst9/mem_centaine_reg[9][15]/G is not reached by a timing clock
Related violations: <none>

TIMING-20#44 Warning
Non-clocked latch  
The latch inst9/mem_dizaine_reg[0][15] cannot be properly analyzed as its control pin inst9/mem_dizaine_reg[0][15]/G is not reached by a timing clock
Related violations: <none>

TIMING-20#45 Warning
Non-clocked latch  
The latch inst9/mem_dizaine_reg[11][15] cannot be properly analyzed as its control pin inst9/mem_dizaine_reg[11][15]/G is not reached by a timing clock
Related violations: <none>

TIMING-20#46 Warning
Non-clocked latch  
The latch inst9/mem_dizaine_reg[12][15] cannot be properly analyzed as its control pin inst9/mem_dizaine_reg[12][15]/G is not reached by a timing clock
Related violations: <none>

TIMING-20#47 Warning
Non-clocked latch  
The latch inst9/mem_dizaine_reg[13][15] cannot be properly analyzed as its control pin inst9/mem_dizaine_reg[13][15]/G is not reached by a timing clock
Related violations: <none>

TIMING-20#48 Warning
Non-clocked latch  
The latch inst9/mem_dizaine_reg[14][15] cannot be properly analyzed as its control pin inst9/mem_dizaine_reg[14][15]/G is not reached by a timing clock
Related violations: <none>

TIMING-20#49 Warning
Non-clocked latch  
The latch inst9/mem_dizaine_reg[15][15] cannot be properly analyzed as its control pin inst9/mem_dizaine_reg[15][15]/G is not reached by a timing clock
Related violations: <none>

TIMING-20#50 Warning
Non-clocked latch  
The latch inst9/mem_dizaine_reg[16][15] cannot be properly analyzed as its control pin inst9/mem_dizaine_reg[16][15]/G is not reached by a timing clock
Related violations: <none>

TIMING-20#51 Warning
Non-clocked latch  
The latch inst9/mem_dizaine_reg[18][15] cannot be properly analyzed as its control pin inst9/mem_dizaine_reg[18][15]/G is not reached by a timing clock
Related violations: <none>

TIMING-20#52 Warning
Non-clocked latch  
The latch inst9/mem_dizaine_reg[19][15] cannot be properly analyzed as its control pin inst9/mem_dizaine_reg[19][15]/G is not reached by a timing clock
Related violations: <none>

TIMING-20#53 Warning
Non-clocked latch  
The latch inst9/mem_dizaine_reg[1][15] cannot be properly analyzed as its control pin inst9/mem_dizaine_reg[1][15]/G is not reached by a timing clock
Related violations: <none>

TIMING-20#54 Warning
Non-clocked latch  
The latch inst9/mem_dizaine_reg[20][15] cannot be properly analyzed as its control pin inst9/mem_dizaine_reg[20][15]/G is not reached by a timing clock
Related violations: <none>

TIMING-20#55 Warning
Non-clocked latch  
The latch inst9/mem_dizaine_reg[21][15] cannot be properly analyzed as its control pin inst9/mem_dizaine_reg[21][15]/G is not reached by a timing clock
Related violations: <none>

TIMING-20#56 Warning
Non-clocked latch  
The latch inst9/mem_dizaine_reg[22][15] cannot be properly analyzed as its control pin inst9/mem_dizaine_reg[22][15]/G is not reached by a timing clock
Related violations: <none>

TIMING-20#57 Warning
Non-clocked latch  
The latch inst9/mem_dizaine_reg[23][15] cannot be properly analyzed as its control pin inst9/mem_dizaine_reg[23][15]/G is not reached by a timing clock
Related violations: <none>

TIMING-20#58 Warning
Non-clocked latch  
The latch inst9/mem_dizaine_reg[25][15] cannot be properly analyzed as its control pin inst9/mem_dizaine_reg[25][15]/G is not reached by a timing clock
Related violations: <none>

TIMING-20#59 Warning
Non-clocked latch  
The latch inst9/mem_dizaine_reg[26][15] cannot be properly analyzed as its control pin inst9/mem_dizaine_reg[26][15]/G is not reached by a timing clock
Related violations: <none>

TIMING-20#60 Warning
Non-clocked latch  
The latch inst9/mem_dizaine_reg[28][15] cannot be properly analyzed as its control pin inst9/mem_dizaine_reg[28][15]/G is not reached by a timing clock
Related violations: <none>

TIMING-20#61 Warning
Non-clocked latch  
The latch inst9/mem_dizaine_reg[29][15] cannot be properly analyzed as its control pin inst9/mem_dizaine_reg[29][15]/G is not reached by a timing clock
Related violations: <none>

TIMING-20#62 Warning
Non-clocked latch  
The latch inst9/mem_dizaine_reg[2][15] cannot be properly analyzed as its control pin inst9/mem_dizaine_reg[2][15]/G is not reached by a timing clock
Related violations: <none>

TIMING-20#63 Warning
Non-clocked latch  
The latch inst9/mem_dizaine_reg[30][15] cannot be properly analyzed as its control pin inst9/mem_dizaine_reg[30][15]/G is not reached by a timing clock
Related violations: <none>

TIMING-20#64 Warning
Non-clocked latch  
The latch inst9/mem_dizaine_reg[31][15] cannot be properly analyzed as its control pin inst9/mem_dizaine_reg[31][15]/G is not reached by a timing clock
Related violations: <none>

TIMING-20#65 Warning
Non-clocked latch  
The latch inst9/mem_dizaine_reg[36][15] cannot be properly analyzed as its control pin inst9/mem_dizaine_reg[36][15]/G is not reached by a timing clock
Related violations: <none>

TIMING-20#66 Warning
Non-clocked latch  
The latch inst9/mem_dizaine_reg[3][15] cannot be properly analyzed as its control pin inst9/mem_dizaine_reg[3][15]/G is not reached by a timing clock
Related violations: <none>

TIMING-20#67 Warning
Non-clocked latch  
The latch inst9/mem_dizaine_reg[40][15] cannot be properly analyzed as its control pin inst9/mem_dizaine_reg[40][15]/G is not reached by a timing clock
Related violations: <none>

TIMING-20#68 Warning
Non-clocked latch  
The latch inst9/mem_dizaine_reg[42][15] cannot be properly analyzed as its control pin inst9/mem_dizaine_reg[42][15]/G is not reached by a timing clock
Related violations: <none>

TIMING-20#69 Warning
Non-clocked latch  
The latch inst9/mem_dizaine_reg[45][15] cannot be properly analyzed as its control pin inst9/mem_dizaine_reg[45][15]/G is not reached by a timing clock
Related violations: <none>

TIMING-20#70 Warning
Non-clocked latch  
The latch inst9/mem_dizaine_reg[46][15] cannot be properly analyzed as its control pin inst9/mem_dizaine_reg[46][15]/G is not reached by a timing clock
Related violations: <none>

TIMING-20#71 Warning
Non-clocked latch  
The latch inst9/mem_dizaine_reg[4][15] cannot be properly analyzed as its control pin inst9/mem_dizaine_reg[4][15]/G is not reached by a timing clock
Related violations: <none>

TIMING-20#72 Warning
Non-clocked latch  
The latch inst9/mem_dizaine_reg[50][15] cannot be properly analyzed as its control pin inst9/mem_dizaine_reg[50][15]/G is not reached by a timing clock
Related violations: <none>

TIMING-20#73 Warning
Non-clocked latch  
The latch inst9/mem_dizaine_reg[51][15] cannot be properly analyzed as its control pin inst9/mem_dizaine_reg[51][15]/G is not reached by a timing clock
Related violations: <none>

TIMING-20#74 Warning
Non-clocked latch  
The latch inst9/mem_dizaine_reg[53][15] cannot be properly analyzed as its control pin inst9/mem_dizaine_reg[53][15]/G is not reached by a timing clock
Related violations: <none>

TIMING-20#75 Warning
Non-clocked latch  
The latch inst9/mem_dizaine_reg[55][15] cannot be properly analyzed as its control pin inst9/mem_dizaine_reg[55][15]/G is not reached by a timing clock
Related violations: <none>

TIMING-20#76 Warning
Non-clocked latch  
The latch inst9/mem_dizaine_reg[56][15] cannot be properly analyzed as its control pin inst9/mem_dizaine_reg[56][15]/G is not reached by a timing clock
Related violations: <none>

TIMING-20#77 Warning
Non-clocked latch  
The latch inst9/mem_dizaine_reg[58][15] cannot be properly analyzed as its control pin inst9/mem_dizaine_reg[58][15]/G is not reached by a timing clock
Related violations: <none>

TIMING-20#78 Warning
Non-clocked latch  
The latch inst9/mem_dizaine_reg[5][15] cannot be properly analyzed as its control pin inst9/mem_dizaine_reg[5][15]/G is not reached by a timing clock
Related violations: <none>

TIMING-20#79 Warning
Non-clocked latch  
The latch inst9/mem_dizaine_reg[61][15] cannot be properly analyzed as its control pin inst9/mem_dizaine_reg[61][15]/G is not reached by a timing clock
Related violations: <none>

TIMING-20#80 Warning
Non-clocked latch  
The latch inst9/mem_dizaine_reg[62][15] cannot be properly analyzed as its control pin inst9/mem_dizaine_reg[62][15]/G is not reached by a timing clock
Related violations: <none>

TIMING-20#81 Warning
Non-clocked latch  
The latch inst9/mem_dizaine_reg[63][15] cannot be properly analyzed as its control pin inst9/mem_dizaine_reg[63][15]/G is not reached by a timing clock
Related violations: <none>

TIMING-20#82 Warning
Non-clocked latch  
The latch inst9/mem_dizaine_reg[6][15] cannot be properly analyzed as its control pin inst9/mem_dizaine_reg[6][15]/G is not reached by a timing clock
Related violations: <none>

TIMING-20#83 Warning
Non-clocked latch  
The latch inst9/mem_dizaine_reg[8][15] cannot be properly analyzed as its control pin inst9/mem_dizaine_reg[8][15]/G is not reached by a timing clock
Related violations: <none>

TIMING-20#84 Warning
Non-clocked latch  
The latch inst9/mem_dizaine_reg[9][15] cannot be properly analyzed as its control pin inst9/mem_dizaine_reg[9][15]/G is not reached by a timing clock
Related violations: <none>

TIMING-20#85 Warning
Non-clocked latch  
The latch inst9/mem_unite_reg[0][15] cannot be properly analyzed as its control pin inst9/mem_unite_reg[0][15]/G is not reached by a timing clock
Related violations: <none>

TIMING-20#86 Warning
Non-clocked latch  
The latch inst9/mem_unite_reg[11][15] cannot be properly analyzed as its control pin inst9/mem_unite_reg[11][15]/G is not reached by a timing clock
Related violations: <none>

TIMING-20#87 Warning
Non-clocked latch  
The latch inst9/mem_unite_reg[12][15] cannot be properly analyzed as its control pin inst9/mem_unite_reg[12][15]/G is not reached by a timing clock
Related violations: <none>

TIMING-20#88 Warning
Non-clocked latch  
The latch inst9/mem_unite_reg[13][15] cannot be properly analyzed as its control pin inst9/mem_unite_reg[13][15]/G is not reached by a timing clock
Related violations: <none>

TIMING-20#89 Warning
Non-clocked latch  
The latch inst9/mem_unite_reg[14][15] cannot be properly analyzed as its control pin inst9/mem_unite_reg[14][15]/G is not reached by a timing clock
Related violations: <none>

TIMING-20#90 Warning
Non-clocked latch  
The latch inst9/mem_unite_reg[15][15] cannot be properly analyzed as its control pin inst9/mem_unite_reg[15][15]/G is not reached by a timing clock
Related violations: <none>

TIMING-20#91 Warning
Non-clocked latch  
The latch inst9/mem_unite_reg[16][15] cannot be properly analyzed as its control pin inst9/mem_unite_reg[16][15]/G is not reached by a timing clock
Related violations: <none>

TIMING-20#92 Warning
Non-clocked latch  
The latch inst9/mem_unite_reg[18][15] cannot be properly analyzed as its control pin inst9/mem_unite_reg[18][15]/G is not reached by a timing clock
Related violations: <none>

TIMING-20#93 Warning
Non-clocked latch  
The latch inst9/mem_unite_reg[19][15] cannot be properly analyzed as its control pin inst9/mem_unite_reg[19][15]/G is not reached by a timing clock
Related violations: <none>

TIMING-20#94 Warning
Non-clocked latch  
The latch inst9/mem_unite_reg[1][15] cannot be properly analyzed as its control pin inst9/mem_unite_reg[1][15]/G is not reached by a timing clock
Related violations: <none>

TIMING-20#95 Warning
Non-clocked latch  
The latch inst9/mem_unite_reg[20][15] cannot be properly analyzed as its control pin inst9/mem_unite_reg[20][15]/G is not reached by a timing clock
Related violations: <none>

TIMING-20#96 Warning
Non-clocked latch  
The latch inst9/mem_unite_reg[21][15] cannot be properly analyzed as its control pin inst9/mem_unite_reg[21][15]/G is not reached by a timing clock
Related violations: <none>

TIMING-20#97 Warning
Non-clocked latch  
The latch inst9/mem_unite_reg[22][15] cannot be properly analyzed as its control pin inst9/mem_unite_reg[22][15]/G is not reached by a timing clock
Related violations: <none>

TIMING-20#98 Warning
Non-clocked latch  
The latch inst9/mem_unite_reg[23][15] cannot be properly analyzed as its control pin inst9/mem_unite_reg[23][15]/G is not reached by a timing clock
Related violations: <none>

TIMING-20#99 Warning
Non-clocked latch  
The latch inst9/mem_unite_reg[25][15] cannot be properly analyzed as its control pin inst9/mem_unite_reg[25][15]/G is not reached by a timing clock
Related violations: <none>

TIMING-20#100 Warning
Non-clocked latch  
The latch inst9/mem_unite_reg[26][15] cannot be properly analyzed as its control pin inst9/mem_unite_reg[26][15]/G is not reached by a timing clock
Related violations: <none>

TIMING-20#101 Warning
Non-clocked latch  
The latch inst9/mem_unite_reg[28][15] cannot be properly analyzed as its control pin inst9/mem_unite_reg[28][15]/G is not reached by a timing clock
Related violations: <none>

TIMING-20#102 Warning
Non-clocked latch  
The latch inst9/mem_unite_reg[29][15] cannot be properly analyzed as its control pin inst9/mem_unite_reg[29][15]/G is not reached by a timing clock
Related violations: <none>

TIMING-20#103 Warning
Non-clocked latch  
The latch inst9/mem_unite_reg[2][15] cannot be properly analyzed as its control pin inst9/mem_unite_reg[2][15]/G is not reached by a timing clock
Related violations: <none>

TIMING-20#104 Warning
Non-clocked latch  
The latch inst9/mem_unite_reg[30][15] cannot be properly analyzed as its control pin inst9/mem_unite_reg[30][15]/G is not reached by a timing clock
Related violations: <none>

TIMING-20#105 Warning
Non-clocked latch  
The latch inst9/mem_unite_reg[31][15] cannot be properly analyzed as its control pin inst9/mem_unite_reg[31][15]/G is not reached by a timing clock
Related violations: <none>

TIMING-20#106 Warning
Non-clocked latch  
The latch inst9/mem_unite_reg[36][15] cannot be properly analyzed as its control pin inst9/mem_unite_reg[36][15]/G is not reached by a timing clock
Related violations: <none>

TIMING-20#107 Warning
Non-clocked latch  
The latch inst9/mem_unite_reg[3][15] cannot be properly analyzed as its control pin inst9/mem_unite_reg[3][15]/G is not reached by a timing clock
Related violations: <none>

TIMING-20#108 Warning
Non-clocked latch  
The latch inst9/mem_unite_reg[40][15] cannot be properly analyzed as its control pin inst9/mem_unite_reg[40][15]/G is not reached by a timing clock
Related violations: <none>

TIMING-20#109 Warning
Non-clocked latch  
The latch inst9/mem_unite_reg[42][15] cannot be properly analyzed as its control pin inst9/mem_unite_reg[42][15]/G is not reached by a timing clock
Related violations: <none>

TIMING-20#110 Warning
Non-clocked latch  
The latch inst9/mem_unite_reg[45][15] cannot be properly analyzed as its control pin inst9/mem_unite_reg[45][15]/G is not reached by a timing clock
Related violations: <none>

TIMING-20#111 Warning
Non-clocked latch  
The latch inst9/mem_unite_reg[46][15] cannot be properly analyzed as its control pin inst9/mem_unite_reg[46][15]/G is not reached by a timing clock
Related violations: <none>

TIMING-20#112 Warning
Non-clocked latch  
The latch inst9/mem_unite_reg[4][15] cannot be properly analyzed as its control pin inst9/mem_unite_reg[4][15]/G is not reached by a timing clock
Related violations: <none>

TIMING-20#113 Warning
Non-clocked latch  
The latch inst9/mem_unite_reg[50][15] cannot be properly analyzed as its control pin inst9/mem_unite_reg[50][15]/G is not reached by a timing clock
Related violations: <none>

TIMING-20#114 Warning
Non-clocked latch  
The latch inst9/mem_unite_reg[51][15] cannot be properly analyzed as its control pin inst9/mem_unite_reg[51][15]/G is not reached by a timing clock
Related violations: <none>

TIMING-20#115 Warning
Non-clocked latch  
The latch inst9/mem_unite_reg[53][15] cannot be properly analyzed as its control pin inst9/mem_unite_reg[53][15]/G is not reached by a timing clock
Related violations: <none>

TIMING-20#116 Warning
Non-clocked latch  
The latch inst9/mem_unite_reg[55][15] cannot be properly analyzed as its control pin inst9/mem_unite_reg[55][15]/G is not reached by a timing clock
Related violations: <none>

TIMING-20#117 Warning
Non-clocked latch  
The latch inst9/mem_unite_reg[56][15] cannot be properly analyzed as its control pin inst9/mem_unite_reg[56][15]/G is not reached by a timing clock
Related violations: <none>

TIMING-20#118 Warning
Non-clocked latch  
The latch inst9/mem_unite_reg[58][15] cannot be properly analyzed as its control pin inst9/mem_unite_reg[58][15]/G is not reached by a timing clock
Related violations: <none>

TIMING-20#119 Warning
Non-clocked latch  
The latch inst9/mem_unite_reg[5][15] cannot be properly analyzed as its control pin inst9/mem_unite_reg[5][15]/G is not reached by a timing clock
Related violations: <none>

TIMING-20#120 Warning
Non-clocked latch  
The latch inst9/mem_unite_reg[61][15] cannot be properly analyzed as its control pin inst9/mem_unite_reg[61][15]/G is not reached by a timing clock
Related violations: <none>

TIMING-20#121 Warning
Non-clocked latch  
The latch inst9/mem_unite_reg[62][15] cannot be properly analyzed as its control pin inst9/mem_unite_reg[62][15]/G is not reached by a timing clock
Related violations: <none>

TIMING-20#122 Warning
Non-clocked latch  
The latch inst9/mem_unite_reg[63][15] cannot be properly analyzed as its control pin inst9/mem_unite_reg[63][15]/G is not reached by a timing clock
Related violations: <none>

TIMING-20#123 Warning
Non-clocked latch  
The latch inst9/mem_unite_reg[6][15] cannot be properly analyzed as its control pin inst9/mem_unite_reg[6][15]/G is not reached by a timing clock
Related violations: <none>

TIMING-20#124 Warning
Non-clocked latch  
The latch inst9/mem_unite_reg[8][15] cannot be properly analyzed as its control pin inst9/mem_unite_reg[8][15]/G is not reached by a timing clock
Related violations: <none>

TIMING-20#125 Warning
Non-clocked latch  
The latch inst9/mem_unite_reg[9][15] cannot be properly analyzed as its control pin inst9/mem_unite_reg[9][15]/G is not reached by a timing clock
Related violations: <none>


